e:\work\project\mfc\mfcapp\x64\debug\mfcapp.pch
e:\work\project\mfc\mfcapp\x64\debug\vc140.pdb
e:\work\project\mfc\mfcapp\x64\debug\vc140.idb
e:\work\project\mfc\mfcapp\x64\debug\stdafx.obj
e:\work\project\mfc\mfcapp\x64\debug\algproceeditf.obj
e:\work\project\mfc\mfcapp\x64\debug\filetools.obj
e:\work\project\mfc\mfcapp\x64\debug\foldpath.obj
e:\work\project\mfc\mfcapp\x64\debug\imageinterface.obj
e:\work\project\mfc\mfcapp\x64\debug\imagereader.obj
e:\work\project\mfc\mfcapp\x64\debug\imagereco.obj
e:\work\project\mfc\mfcapp\x64\debug\mainfrm.obj
e:\work\project\mfc\mfcapp\x64\debug\mfcapp.obj
e:\work\project\mfc\mfcapp\x64\debug\mfcappdoc.obj
e:\work\project\mfc\mfcapp\x64\debug\mfcappview.obj
e:\work\project\mfc\mfcapp\x64\debug\opencvfunc.obj
e:\work\project\mfc\mfcapp\x64\debug\picproceed.obj
e:\work\project\mfc\mfcapp\x64\debug\singleton.obj
e:\work\project\mfc\mfcapp\x64\debug\utils.obj
e:\work\project\mfc\mfcapp\x64\debug\imageprocitf.obj
e:\work\project\mfc\mfcapp\x64\debug\imagesmoothproc.obj
e:\work\project\mfc\x64\debug\mfcapp.ilk
e:\work\project\mfc\x64\debug\mfcapp.exe
e:\work\project\mfc\x64\debug\mfcapp.pdb
e:\work\project\mfc\mfcapp\x64\debug\mfcapp.res
e:\work\project\mfc\mfcapp\x64\debug\picproceed.obj.enc
e:\work\project\mfc\mfcapp\x64\debug\mfcapp.tlog\cl.command.1.tlog
e:\work\project\mfc\mfcapp\x64\debug\mfcapp.tlog\cl.read.1.tlog
e:\work\project\mfc\mfcapp\x64\debug\mfcapp.tlog\cl.write.1.tlog
e:\work\project\mfc\mfcapp\x64\debug\mfcapp.tlog\link.command.1.tlog
e:\work\project\mfc\mfcapp\x64\debug\mfcapp.tlog\link.read.1.tlog
e:\work\project\mfc\mfcapp\x64\debug\mfcapp.tlog\link.write.1.tlog
e:\work\project\mfc\mfcapp\x64\debug\mfcapp.tlog\rc.command.1.tlog
e:\work\project\mfc\mfcapp\x64\debug\mfcapp.tlog\rc.read.1.tlog
e:\work\project\mfc\mfcapp\x64\debug\mfcapp.tlog\rc.write.1.tlog
